<?xml version="1.0" encoding="UTF-8"?>
<!-- Generated by org.testng.reporters.JUnitXMLReporter -->
<testsuite ignored="0" hostname="IN-PG02NMDP" failures="0" tests="3" name="Default test" time="6.113" errors="0" timestamp="2024-10-08T11:12:00 IST">
  <testcase classname="tests.ApiTest" name="testGetAllBookingIDs_GET" time="1.278"/>
  <testcase classname="tests.ApiTest" name="testGetBookingIDsByName_GET" time="1.107"/>
  <testcase classname="tests.ApiTest" name="testGetBookingIDsByDate_GET" time="1.069"/>
</testsuite> <!-- Default test -->
