<?xml version="1.0" encoding="UTF-8"?>
<!-- Generated by org.testng.reporters.JUnitXMLReporter -->
<testsuite ignored="0" hostname="IN-PG02NMDP" failures="0" tests="9" name="RestAssuredTest" time="28.562" errors="0" timestamp="2024-06-24T18:24:35 IST">
  <testcase classname="tests.BaseTest" name="testAuthToken" time="0.399"/>
  <testcase classname="tests.ApiTest" name="testCreateBooking_POST" time="1.54"/>
  <testcase classname="tests.ApiTest" name="testBookingDetails_GET" time="1.402"/>
  <testcase classname="tests.ApiTest" name="testUpdateBookingDetails_PUT" time="1.472"/>
  <testcase classname="tests.ApiTest" name="testUpdateBookingDetails_PATCH" time="1.651"/>
  <testcase classname="tests.ApiTest" name="testDeleteBookingDetails_DELETE" time="1.511"/>
  <testcase classname="tests.ApiTest" name="testGetAllBookingIDs_GET" time="1.216"/>
  <testcase classname="tests.ApiTest" name="testGetBookingIDsByName_GET" time="2.147"/>
  <testcase classname="tests.ApiTest" name="testGetBookingIDsByDate_GET" time="1.252"/>
</testsuite> <!-- RestAssuredTest -->
